[INFO ] [2023-07-25 20:32:32,641] Update Infor - Step 01: Navigate to 'Customer Information' page
[INFO ] [2023-07-25 20:33:22,705] Update Address - Step 01: Opent Address Page
[INFO ] [2023-07-25 20:37:04,997] Update Infor - Step 01: Navigate to 'Customer Information' page
[INFO ] [2023-07-25 20:37:55,093] Update Address - Step 01: Opent Address Page
[INFO ] [2023-07-25 20:50:18,911] Update Infor - Step 01: Navigate to 'Customer Information' page
[INFO ] [2023-07-25 20:51:08,968] Update Address - Step 01: Opent Address Page
[INFO ] [2023-07-25 20:52:38,048] Update Infor - Step 01: Navigate to 'Customer Information' page
[INFO ] [2023-07-25 20:53:28,108] Update Address - Step 01: Opent Address Page
[INFO ] [2023-07-25 20:59:52,355] Update Infor - Step 01: Navigate to 'Customer Information' page
[INFO ] [2023-07-25 20:59:52,867] Update Infor - Step 02: Select Sex
[INFO ] [2023-07-25 20:59:53,205] Update Infor - Step 03: Import First Name with value is 'Automation'
[INFO ] [2023-07-25 20:59:53,320] Update Infor - Step 04: Import Last Name with value is 'FC'
[INFO ] [2023-07-25 20:59:53,460] Update Infor - Step 05: Import Date of Birth with value is '1'
[INFO ] [2023-07-25 20:59:53,844] Update Infor - Step 06: Import Month of Birth with value is 'January'
[INFO ] [2023-07-25 20:59:54,166] Update Infor - Step 07: Import Years of Birth with value is '1999'
[INFO ] [2023-07-25 20:59:54,494] Update Infor - Step 08: Import Email with value is 'afc23726@gmail.com'
[INFO ] [2023-07-25 20:59:54,677] Update Infor - Step 09: Import Company Name with value is 'Automation FC'
[INFO ] [2023-07-25 20:59:54,811] Update Infor - Step 10: Save Information
[INFO ] [2023-07-25 20:59:55,783] Update Infor - Step 11: Verify Save information successfully
[INFO ] [2023-07-25 20:59:55,896] Update Address - Step 01: Opent Address Page
[INFO ] [2023-07-25 20:59:56,382] Update Address - Step 02: Opent Addnew Address Page
[INFO ] [2023-07-25 20:59:56,957] Update Address - Step 03: Import First Name with value is 'Automation'
[INFO ] [2023-07-25 20:59:57,115] Update Address - Step 04: Import Last Name with value is 'FC'
[INFO ] [2023-07-25 20:59:57,286] Update Address - Step 05: Import Email Address with value is 'afc23726@gmail.com'
[INFO ] [2023-07-25 20:59:57,434] Update Address - Step 06: Import Company Name with value is 'Automation FC'
[INFO ] [2023-07-25 20:59:57,558] Update Address - Step 07: Select ID Address Country
[INFO ] [2023-07-25 20:59:57,945] Update Address - Step 08: Select ID Address Stateptovince
[INFO ] [2023-07-25 20:59:58,058] Update Address - Step 09: Import Address City
[INFO ] [2023-07-25 20:59:58,182] Update Address - Step 10: Import Address One
[INFO ] [2023-07-25 20:59:58,340] Update Address - Step 11: Import Address Two
[INFO ] [2023-07-25 20:59:58,483] Update Address - Step 12: Import Zipcode Address
[INFO ] [2023-07-25 20:59:58,636] Update Address - Step 13: Import Phone Number
[INFO ] [2023-07-25 20:59:58,786] Update Address - Step 14: Import Fax Number
[INFO ] [2023-07-25 20:59:58,929] Update Address - Step 15: Save Information Address
[INFO ] [2023-07-25 20:59:59,756] Update Address - Step 16: Verify Addnew Address Successfully
[INFO ] [2023-07-25 20:59:59,853] Update Address - Step 17: Click Button Message Successfully
[INFO ] [2023-07-25 21:07:15,106] Update Infor - Step 01: Navigate to 'Customer Information' page
[INFO ] [2023-07-25 21:07:15,631] Update Infor - Step 02: Select Sex
[INFO ] [2023-07-25 21:07:15,949] Update Infor - Step 03: Import First Name with value is 'Automation'
[INFO ] [2023-07-25 21:07:16,084] Update Infor - Step 04: Import Last Name with value is 'FC'
[INFO ] [2023-07-25 21:07:16,268] Update Infor - Step 05: Import Date of Birth with value is '1'
[INFO ] [2023-07-25 21:07:16,637] Update Infor - Step 06: Import Month of Birth with value is 'January'
[INFO ] [2023-07-25 21:07:16,996] Update Infor - Step 07: Import Years of Birth with value is '1999'
[INFO ] [2023-07-25 21:07:17,313] Update Infor - Step 08: Import Email with value is 'afc27030@gmail.com'
[INFO ] [2023-07-25 21:07:17,529] Update Infor - Step 09: Import Company Name with value is 'Automation FC'
[INFO ] [2023-07-25 21:07:17,683] Update Infor - Step 10: Save Information
[INFO ] [2023-07-25 21:07:18,486] Update Infor - Step 11: Verify Save information successfully
[INFO ] [2023-07-25 21:07:18,606] Update Address - Step 01: Opent Address Page
[INFO ] [2023-07-25 21:07:19,109] Update Address - Step 02: Opent Addnew Address Page
[INFO ] [2023-07-25 21:07:19,724] Update Address - Step 03: Import First Name with value is 'Automation'
[INFO ] [2023-07-25 21:07:19,859] Update Address - Step 04: Import Last Name with value is 'FC'
[INFO ] [2023-07-25 21:07:20,023] Update Address - Step 05: Import Email Address with value is 'afc27030@gmail.com'
[INFO ] [2023-07-25 21:07:20,238] Update Address - Step 06: Import Company Name with value is 'Automation FC'
[INFO ] [2023-07-25 21:07:20,407] Update Address - Step 07: Select ID Address Country
[INFO ] [2023-07-25 21:07:20,794] Update Address - Step 08: Select ID Address Stateptovince
[INFO ] [2023-07-25 21:07:20,882] Update Address - Step 09: Import Address City
[INFO ] [2023-07-25 21:07:21,028] Update Address - Step 10: Import Address One
[INFO ] [2023-07-25 21:07:21,191] Update Address - Step 11: Import Address Two
[INFO ] [2023-07-25 21:07:21,344] Update Address - Step 12: Import Zipcode Address
[INFO ] [2023-07-25 21:07:21,520] Update Address - Step 13: Import Phone Number
[INFO ] [2023-07-25 21:07:21,678] Update Address - Step 14: Import Fax Number
[INFO ] [2023-07-25 21:07:21,920] Update Address - Step 15: Save Information Address
[INFO ] [2023-07-25 21:07:22,819] Update Address - Step 16: Verify Addnew Address Successfully
[INFO ] [2023-07-25 21:07:22,927] Update Address - Step 17: Click Button Message Successfully
[INFO ] [2023-07-25 21:21:06,833] Update Infor - Step 01: Navigate to 'Customer Information' page
[INFO ] [2023-07-25 21:21:07,439] Update Infor - Step 02: Select Sex
[INFO ] [2023-07-25 21:21:07,770] Update Infor - Step 03: Import First Name with value is 'Automation'
[INFO ] [2023-07-25 21:21:07,919] Update Infor - Step 04: Import Last Name with value is 'FC'
[INFO ] [2023-07-25 21:21:08,133] Update Infor - Step 05: Import Date of Birth with value is '1'
[INFO ] [2023-07-25 21:21:08,529] Update Infor - Step 06: Import Month of Birth with value is 'January'
[INFO ] [2023-07-25 21:21:08,890] Update Infor - Step 07: Import Years of Birth with value is '1999'
[INFO ] [2023-07-25 21:21:09,258] Update Infor - Step 08: Import Email with value is 'afc76176@gmail.com'
[INFO ] [2023-07-25 21:21:09,486] Update Infor - Step 09: Import Company Name with value is 'Automation FC'
[INFO ] [2023-07-25 21:21:09,631] Update Infor - Step 10: Save Information
[INFO ] [2023-07-25 21:21:10,829] Update Infor - Step 11: Verify Save information successfully
[INFO ] [2023-07-25 21:21:10,935] Update Address - Step 01: Opent Address Page
[INFO ] [2023-07-25 21:21:12,129] Update Address - Step 02: Opent Addnew Address Page
[INFO ] [2023-07-25 21:21:13,687] Update Address - Step 03: Import First Name with value is 'Automation'
[INFO ] [2023-07-25 21:21:13,804] Update Address - Step 04: Import Last Name with value is 'FC'
[INFO ] [2023-07-25 21:21:13,969] Update Address - Step 05: Import Email Address with value is 'afc76176@gmail.com'
[INFO ] [2023-07-25 21:21:14,116] Update Address - Step 06: Import Company Name with value is 'Automation FC'
[INFO ] [2023-07-25 21:21:14,297] Update Address - Step 07: Select ID Address Country
[INFO ] [2023-07-25 21:21:14,688] Update Address - Step 08: Select ID Address Stateptovince
[INFO ] [2023-07-25 21:21:14,925] Update Address - Step 09: Import Address City
[INFO ] [2023-07-25 21:21:15,068] Update Address - Step 10: Import Address One
[INFO ] [2023-07-25 21:21:15,245] Update Address - Step 11: Import Address Two
[INFO ] [2023-07-25 21:21:15,443] Update Address - Step 12: Import Zipcode Address
[INFO ] [2023-07-25 21:21:15,579] Update Address - Step 13: Import Phone Number
[INFO ] [2023-07-25 21:21:15,710] Update Address - Step 14: Import Fax Number
[INFO ] [2023-07-25 21:21:15,875] Update Address - Step 15: Save Information Address
[INFO ] [2023-07-25 21:21:19,178] Update Address - Step 16: Verify Addnew Address Successfully
[INFO ] [2023-07-25 21:21:19,243] Update Address - Step 17: Click Button Message Successfully
[INFO ] [2023-08-07 10:22:09,289] Update Infor - Step 01: Navigate to 'Customer Information' page
[INFO ] [2023-08-07 10:22:09,830] Update Infor - Step 02: Select Sex
[INFO ] [2023-08-07 10:22:10,177] Update Infor - Step 03: Import First Name with value is 'Automation'
[INFO ] [2023-08-07 10:22:10,335] Update Infor - Step 04: Import Last Name with value is 'FC'
[INFO ] [2023-08-07 10:22:10,513] Update Infor - Step 05: Import Date of Birth with value is '1'
[INFO ] [2023-08-07 10:22:10,901] Update Infor - Step 06: Import Month of Birth with value is 'January'
[INFO ] [2023-08-07 10:22:11,223] Update Infor - Step 07: Import Years of Birth with value is '1999'
[INFO ] [2023-08-07 10:22:11,546] Update Infor - Step 08: Import Email with value is 'afc39201@gmail.com'
[INFO ] [2023-08-07 10:22:11,729] Update Infor - Step 09: Import Company Name with value is 'Automation FC'
[INFO ] [2023-08-07 10:22:11,872] Update Infor - Step 10: Save Information
[INFO ] [2023-08-07 10:22:12,638] Update Infor - Step 11: Verify Save information successfully
[INFO ] [2023-08-07 10:22:12,729] Update Address - Step 01: Opent Address Page
[INFO ] [2023-08-07 10:22:13,205] Update Address - Step 02: Opent Addnew Address Page
[INFO ] [2023-08-07 10:22:13,747] Update Address - Step 03: Import First Name with value is 'Automation'
[INFO ] [2023-08-07 10:22:13,894] Update Address - Step 04: Import Last Name with value is 'FC'
[INFO ] [2023-08-07 10:22:14,069] Update Address - Step 05: Import Email Address with value is 'afc39201@gmail.com'
[INFO ] [2023-08-07 10:22:14,263] Update Address - Step 06: Import Company Name with value is 'Automation FC'
[INFO ] [2023-08-07 10:22:14,390] Update Address - Step 07: Select ID Address Country
[INFO ] [2023-08-07 10:22:14,763] Update Address - Step 08: Select ID Address Stateptovince
[INFO ] [2023-08-07 10:22:14,877] Update Address - Step 09: Import Address City
[INFO ] [2023-08-07 10:22:14,962] Update Address - Step 10: Import Address One
[INFO ] [2023-08-07 10:22:15,102] Update Address - Step 11: Import Address Two
[INFO ] [2023-08-07 10:22:15,244] Update Address - Step 12: Import Zipcode Address
[INFO ] [2023-08-07 10:22:15,378] Update Address - Step 13: Import Phone Number
[INFO ] [2023-08-07 10:22:15,513] Update Address - Step 14: Import Fax Number
[INFO ] [2023-08-07 10:22:15,653] Update Address - Step 15: Save Information Address
[INFO ] [2023-08-07 10:22:17,149] Update Address - Step 16: Verify Addnew Address Successfully
[INFO ] [2023-08-07 10:22:17,242] Update Address - Step 17: Click Button Message Successfully
[INFO ] [2023-08-07 10:24:51,590] Update Infor - Step 01: Navigate to 'Customer Information' page
[INFO ] [2023-08-07 10:24:52,210] Update Infor - Step 02: Select Sex
[INFO ] [2023-08-07 10:24:52,521] Update Infor - Step 03: Import First Name with value is 'Automation'
[INFO ] [2023-08-07 10:24:52,765] Update Infor - Step 04: Import Last Name with value is 'FC'
[INFO ] [2023-08-07 10:24:53,079] Update Infor - Step 05: Import Date of Birth with value is '1'
[INFO ] [2023-08-07 10:24:53,372] Update Infor - Step 06: Import Month of Birth with value is 'January'
[INFO ] [2023-08-07 10:24:53,626] Update Infor - Step 07: Import Years of Birth with value is '1999'
[INFO ] [2023-08-07 10:24:53,837] Update Infor - Step 08: Import Email with value is 'afc27804@gmail.com'
[INFO ] [2023-08-07 10:24:54,162] Update Infor - Step 09: Import Company Name with value is 'Automation FC'
[INFO ] [2023-08-07 10:24:54,410] Update Infor - Step 10: Save Information
[INFO ] [2023-08-07 10:24:55,239] Update Infor - Step 11: Verify Save information successfully
[INFO ] [2023-08-07 10:24:55,375] Update Address - Step 01: Opent Address Page
[INFO ] [2023-08-07 10:24:55,996] Update Address - Step 02: Opent Addnew Address Page
[INFO ] [2023-08-07 10:24:56,581] Update Address - Step 03: Import First Name with value is 'Automation'
[INFO ] [2023-08-07 10:24:56,968] Update Address - Step 04: Import Last Name with value is 'FC'
[INFO ] [2023-08-07 10:24:57,240] Update Address - Step 05: Import Email Address with value is 'afc27804@gmail.com'
[INFO ] [2023-08-07 10:24:57,513] Update Address - Step 06: Import Company Name with value is 'Automation FC'
[INFO ] [2023-08-07 10:24:57,742] Update Address - Step 07: Select ID Address Country
[INFO ] [2023-08-07 10:24:57,903] Update Address - Step 08: Select ID Address Stateptovince
[INFO ] [2023-08-07 10:24:58,233] Update Address - Step 09: Import Address City
[INFO ] [2023-08-07 10:24:58,469] Update Address - Step 10: Import Address One
[INFO ] [2023-08-07 10:24:58,768] Update Address - Step 11: Import Address Two
[INFO ] [2023-08-07 10:24:59,078] Update Address - Step 12: Import Zipcode Address
[INFO ] [2023-08-07 10:24:59,390] Update Address - Step 13: Import Phone Number
[INFO ] [2023-08-07 10:24:59,653] Update Address - Step 14: Import Fax Number
[INFO ] [2023-08-07 10:24:59,922] Update Address - Step 15: Save Information Address
[INFO ] [2023-08-07 10:25:01,488] Update Address - Step 16: Verify Addnew Address Successfully
[INFO ] [2023-08-07 10:25:01,601] Update Address - Step 17: Click Button Message Successfully
[INFO ] [2024-02-29 10:35:58,992] Update Infor - Step 01: Navigate to 'Customer Information' page
[INFO ] [2024-02-29 10:35:59,427] Update Infor - Step 02: Select Sex
[INFO ] [2024-02-29 10:35:59,861] Update Infor - Step 03: Import First Name with value is 'Automation'
[INFO ] [2024-02-29 10:36:00,016] Update Infor - Step 04: Import Last Name with value is 'FC'
[INFO ] [2024-02-29 10:36:00,165] Update Infor - Step 05: Import Date of Birth with value is '1'
[INFO ] [2024-02-29 10:36:00,481] Update Infor - Step 06: Import Month of Birth with value is 'January'
[INFO ] [2024-02-29 10:36:00,807] Update Infor - Step 07: Import Years of Birth with value is '1999'
[INFO ] [2024-02-29 10:36:01,115] Update Infor - Step 08: Import Email with value is 'afc86993@gmail.com'
[INFO ] [2024-02-29 10:36:01,230] Update Infor - Step 09: Import Company Name with value is 'Automation FC'
[INFO ] [2024-02-29 10:36:01,338] Update Infor - Step 10: Save Information
[INFO ] [2024-02-29 10:36:02,060] Update Infor - Step 11: Verify Save information successfully
[INFO ] [2024-02-29 10:36:02,229] Update Address - Step 01: Opent Address Page
[INFO ] [2024-02-29 10:36:02,655] Update Address - Step 02: Opent Addnew Address Page
[INFO ] [2024-02-29 10:36:03,181] Update Address - Step 03: Import First Name with value is 'Automation'
[INFO ] [2024-02-29 10:36:03,363] Update Address - Step 04: Import Last Name with value is 'FC'
[INFO ] [2024-02-29 10:36:03,548] Update Address - Step 05: Import Email Address with value is 'afc86993@gmail.com'
[INFO ] [2024-02-29 10:36:03,699] Update Address - Step 06: Import Company Name with value is 'Automation FC'
[INFO ] [2024-02-29 10:36:03,865] Update Address - Step 07: Select ID Address Country
[INFO ] [2024-02-29 10:36:04,223] Update Address - Step 08: Select ID Address Stateptovince
[INFO ] [2024-02-29 10:36:04,320] Update Address - Step 09: Import Address City
[INFO ] [2024-02-29 10:36:04,432] Update Address - Step 10: Import Address One
[INFO ] [2024-02-29 10:36:04,541] Update Address - Step 11: Import Address Two
[INFO ] [2024-02-29 10:36:04,694] Update Address - Step 12: Import Zipcode Address
[INFO ] [2024-02-29 10:36:04,822] Update Address - Step 13: Import Phone Number
[INFO ] [2024-02-29 10:36:04,919] Update Address - Step 14: Import Fax Number
[INFO ] [2024-02-29 10:36:05,038] Update Address - Step 15: Save Information Address
[INFO ] [2024-02-29 10:36:06,721] Update Address - Step 16: Verify Addnew Address Successfully
[INFO ] [2024-02-29 10:36:06,836] Update Address - Step 17: Click Button Message Successfully
[INFO ] [2024-06-27 15:09:58,381] Upload - Step 01: Load single file
[INFO ] [2024-06-27 15:10:01,486] Upload - Step 02: Verify
[INFO ] [2024-06-27 15:10:01,559] ---------------------- Passed -----------------------
[INFO ] [2024-06-27 15:10:01,559] Upload - Step 03: Click To star button
[INFO ] [2024-06-27 15:10:01,867] Upload - Step 04: Verify upload
[INFO ] [2024-06-27 15:10:03,565] ---------------------- Passed -----------------------
[INFO ] [2024-06-27 15:10:03,565] Upload - Step 05: Verify image displayd
[INFO ] [2024-06-27 15:10:04,119] ---------------------- Passed -----------------------
[INFO ] [2024-06-27 15:10:04,126] Upload - Step 01: Refresh page
[INFO ] [2024-06-27 15:10:05,045] Upload - Step 02: Load single file
[INFO ] [2024-06-27 15:10:08,098] Upload - Step 03: Verify File One
[INFO ] [2024-06-27 15:10:08,142] ---------------------- Passed -----------------------
[INFO ] [2024-06-27 15:10:08,142] Upload - Step 04: Verify File Two
[INFO ] [2024-06-27 15:10:08,185] ---------------------- Passed -----------------------
[INFO ] [2024-06-27 15:10:08,185] Upload - Step 05: Verify File Three
[INFO ] [2024-06-27 15:10:08,227] ---------------------- Passed -----------------------
[INFO ] [2024-06-27 15:10:08,227] Upload - Step 06: Verify File Four
[INFO ] [2024-06-27 15:10:08,263] ---------------------- Passed -----------------------
[INFO ] [2024-06-27 15:10:08,263] Upload - Step 07: Verify File Five
[INFO ] [2024-06-27 15:10:08,301] ---------------------- Passed -----------------------
[INFO ] [2024-06-27 15:10:08,302] Upload - Step 08: Verify File Six
[INFO ] [2024-06-27 15:10:08,349] ---------------------- Passed -----------------------
[INFO ] [2024-06-27 15:10:08,349] Upload - Step 09: Click To star button
[INFO ] [2024-06-27 15:10:09,789] Upload - Step 10: Verify upload File One
[INFO ] [2024-06-27 15:10:10,117] ---------------------- Passed -----------------------
[INFO ] [2024-06-27 15:10:10,117] Upload - Step 11: Verify upload File Two
[INFO ] [2024-06-27 15:10:11,145] ---------------------- Passed -----------------------
[INFO ] [2024-06-27 15:10:11,145] Upload - Step 12: Verify upload File Three
[INFO ] [2024-06-27 15:10:11,185] ---------------------- Passed -----------------------
[INFO ] [2024-06-27 15:10:11,185] Upload - Step 13: Verify upload File Four
[INFO ] [2024-06-27 15:10:11,224] ---------------------- Passed -----------------------
[INFO ] [2024-06-27 15:10:11,224] Upload - Step 14: Verify upload File Five
[INFO ] [2024-06-27 15:10:11,263] ---------------------- Passed -----------------------
[INFO ] [2024-06-27 15:10:11,263] Upload - Step 15: Verify upload File Six
[INFO ] [2024-06-27 15:10:13,785] ---------------------- Passed -----------------------
[INFO ] [2024-06-27 15:10:13,785] Upload - Step 16: Verify image display File One
[INFO ] [2024-06-27 15:10:13,819] ---------------------- Passed -----------------------
[INFO ] [2024-06-27 15:10:13,821] Upload - Step 17: Verify image display File Two
[INFO ] [2024-06-27 15:10:13,854] ---------------------- Passed -----------------------
[INFO ] [2024-06-27 15:10:13,854] Upload - Step 18: Verify image display File Three
[INFO ] [2024-06-27 15:10:13,884] ---------------------- Passed -----------------------
[INFO ] [2024-06-27 15:10:13,884] Upload - Step 19: Verify image display File Four
[INFO ] [2024-06-27 15:10:13,913] ---------------------- Passed -----------------------
[INFO ] [2024-06-27 15:10:13,914] Upload - Step 20: Verify image display File Five
[INFO ] [2024-06-27 15:10:13,942] ---------------------- Passed -----------------------
[INFO ] [2024-06-27 15:10:13,942] Upload - Step 21: Verify image display File Six
[INFO ] [2024-06-27 15:10:13,968] ---------------------- Passed -----------------------
[INFO ] [2024-06-27 15:10:20,259] Upload - Step 01: Load single file
[INFO ] [2024-06-27 15:10:23,339] Upload - Step 02: Verify
[INFO ] [2024-06-27 15:10:23,408] ---------------------- Passed -----------------------
[INFO ] [2024-06-27 15:10:23,408] Upload - Step 03: Click To star button
[INFO ] [2024-06-27 15:10:23,510] Upload - Step 04: Verify upload
[INFO ] [2024-06-27 15:10:25,742] ---------------------- Passed -----------------------
[INFO ] [2024-06-27 15:10:25,742] Upload - Step 05: Verify image displayd
[INFO ] [2024-06-27 15:10:26,361] ---------------------- Passed -----------------------
[INFO ] [2024-06-27 15:10:26,365] Upload - Step 01: Refresh page
[INFO ] [2024-06-27 15:10:26,756] Upload - Step 02: Load single file
[INFO ] [2024-06-27 15:10:29,812] Upload - Step 03: Verify File One
[INFO ] [2024-06-27 15:10:29,871] ---------------------- Passed -----------------------
[INFO ] [2024-06-27 15:10:29,872] Upload - Step 04: Verify File Two
[INFO ] [2024-06-27 15:10:29,936] ---------------------- Passed -----------------------
[INFO ] [2024-06-27 15:10:29,936] Upload - Step 05: Verify File Three
[INFO ] [2024-06-27 15:10:29,995] ---------------------- Passed -----------------------
[INFO ] [2024-06-27 15:10:29,995] Upload - Step 06: Verify File Four
[INFO ] [2024-06-27 15:10:30,051] ---------------------- Passed -----------------------
[INFO ] [2024-06-27 15:10:30,051] Upload - Step 07: Verify File Five
[INFO ] [2024-06-27 15:10:30,109] ---------------------- Passed -----------------------
[INFO ] [2024-06-27 15:10:30,109] Upload - Step 08: Verify File Six
[INFO ] [2024-06-27 15:10:30,169] ---------------------- Passed -----------------------
[INFO ] [2024-06-27 15:10:30,169] Upload - Step 09: Click To star button
[INFO ] [2024-06-27 15:10:30,638] Upload - Step 10: Verify upload File One
[INFO ] [2024-06-27 15:10:32,282] ---------------------- Passed -----------------------
[INFO ] [2024-06-27 15:10:32,282] Upload - Step 11: Verify upload File Two
[INFO ] [2024-06-27 15:10:32,603] ---------------------- Passed -----------------------
[INFO ] [2024-06-27 15:10:32,603] Upload - Step 12: Verify upload File Three
[INFO ] [2024-06-27 15:10:32,658] ---------------------- Passed -----------------------
[INFO ] [2024-06-27 15:10:32,658] Upload - Step 13: Verify upload File Four
[INFO ] [2024-06-27 15:10:32,709] ---------------------- Passed -----------------------
[INFO ] [2024-06-27 15:10:32,710] Upload - Step 14: Verify upload File Five
[INFO ] [2024-06-27 15:10:32,763] ---------------------- Passed -----------------------
[INFO ] [2024-06-27 15:10:32,763] Upload - Step 15: Verify upload File Six
[INFO ] [2024-06-27 15:10:34,156] ---------------------- Passed -----------------------
[INFO ] [2024-06-27 15:10:34,156] Upload - Step 16: Verify image display File One
[INFO ] [2024-06-27 15:10:34,192] ---------------------- Passed -----------------------
[INFO ] [2024-06-27 15:10:34,193] Upload - Step 17: Verify image display File Two
[INFO ] [2024-06-27 15:10:34,239] ---------------------- Passed -----------------------
[INFO ] [2024-06-27 15:10:34,239] Upload - Step 18: Verify image display File Three
[INFO ] [2024-06-27 15:10:34,283] ---------------------- Passed -----------------------
[INFO ] [2024-06-27 15:10:34,284] Upload - Step 19: Verify image display File Four
[INFO ] [2024-06-27 15:10:34,323] ---------------------- Passed -----------------------
[INFO ] [2024-06-27 15:10:34,323] Upload - Step 20: Verify image display File Five
[INFO ] [2024-06-27 15:10:34,361] ---------------------- Passed -----------------------
[INFO ] [2024-06-27 15:10:34,361] Upload - Step 21: Verify image display File Six
[INFO ] [2024-06-27 15:10:34,406] ---------------------- Passed -----------------------
[INFO ] [2024-06-27 15:18:34,849] Upload - Step 01: Load single file
[INFO ] [2024-06-27 15:18:37,935] Upload - Step 02: Verify
[INFO ] [2024-06-27 15:18:37,998] ---------------------- Passed -----------------------
[INFO ] [2024-06-27 15:18:37,999] Upload - Step 03: Click To star button
[INFO ] [2024-06-27 15:18:38,284] Upload - Step 04: Verify upload
[INFO ] [2024-06-27 15:18:40,077] ---------------------- Passed -----------------------
[INFO ] [2024-06-27 15:18:40,078] Upload - Step 05: Verify image displayd
[INFO ] [2024-06-27 15:18:40,643] ---------------------- Passed -----------------------
[INFO ] [2024-06-27 15:18:40,649] Upload - Step 01: Refresh page
[INFO ] [2024-06-27 15:18:42,356] Upload - Step 02: Load single file
[INFO ] [2024-06-27 15:18:45,398] Upload - Step 03: Verify File One
[INFO ] [2024-06-27 15:18:45,461] ---------------------- Passed -----------------------
[INFO ] [2024-06-27 15:18:45,462] Upload - Step 04: Verify File Two
[INFO ] [2024-06-27 15:18:45,509] ---------------------- Passed -----------------------
[INFO ] [2024-06-27 15:18:45,510] Upload - Step 05: Verify File Three
[INFO ] [2024-06-27 15:18:45,554] ---------------------- Passed -----------------------
[INFO ] [2024-06-27 15:18:45,554] Upload - Step 06: Verify File Four
[INFO ] [2024-06-27 15:18:45,593] ---------------------- Passed -----------------------
[INFO ] [2024-06-27 15:18:45,593] Upload - Step 07: Verify File Five
[INFO ] [2024-06-27 15:18:45,633] ---------------------- Passed -----------------------
[INFO ] [2024-06-27 15:18:45,633] Upload - Step 08: Verify File Six
[INFO ] [2024-06-27 15:18:45,680] ---------------------- Passed -----------------------
[INFO ] [2024-06-27 15:18:45,680] Upload - Step 09: Click To star button
[INFO ] [2024-06-27 15:18:47,342] Upload - Step 10: Verify upload File One
[INFO ] [2024-06-27 15:18:47,867] ---------------------- Passed -----------------------
[INFO ] [2024-06-27 15:18:47,867] Upload - Step 11: Verify upload File Two
[INFO ] [2024-06-27 15:18:48,710] ---------------------- Passed -----------------------
[INFO ] [2024-06-27 15:18:48,710] Upload - Step 12: Verify upload File Three
[INFO ] [2024-06-27 15:18:48,751] ---------------------- Passed -----------------------
[INFO ] [2024-06-27 15:18:48,751] Upload - Step 13: Verify upload File Four
[INFO ] [2024-06-27 15:18:48,794] ---------------------- Passed -----------------------
[INFO ] [2024-06-27 15:18:48,794] Upload - Step 14: Verify upload File Five
[INFO ] [2024-06-27 15:18:48,830] ---------------------- Passed -----------------------
[INFO ] [2024-06-27 15:18:48,831] Upload - Step 15: Verify upload File Six
[INFO ] [2024-06-27 15:18:51,246] ---------------------- Passed -----------------------
[INFO ] [2024-06-27 15:18:51,247] Upload - Step 16: Verify image display File One
[INFO ] [2024-06-27 15:18:51,289] ---------------------- Passed -----------------------
[INFO ] [2024-06-27 15:18:51,289] Upload - Step 17: Verify image display File Two
[INFO ] [2024-06-27 15:18:51,316] ---------------------- Passed -----------------------
[INFO ] [2024-06-27 15:18:51,316] Upload - Step 18: Verify image display File Three
[INFO ] [2024-06-27 15:18:51,346] ---------------------- Passed -----------------------
[INFO ] [2024-06-27 15:18:51,346] Upload - Step 19: Verify image display File Four
[INFO ] [2024-06-27 15:18:51,373] ---------------------- Passed -----------------------
[INFO ] [2024-06-27 15:18:51,373] Upload - Step 20: Verify image display File Five
[INFO ] [2024-06-27 15:18:51,399] ---------------------- Passed -----------------------
[INFO ] [2024-06-27 15:18:51,399] Upload - Step 21: Verify image display File Six
[INFO ] [2024-06-27 15:18:51,428] ---------------------- Passed -----------------------
[INFO ] [2024-06-27 15:18:54,689] Upload - Step 01: Load single file
[INFO ] [2024-06-27 15:18:59,184] Upload - Step 02: Verify
[INFO ] [2024-06-27 15:18:59,277] ---------------------- Passed -----------------------
[INFO ] [2024-06-27 15:18:59,278] Upload - Step 03: Click To star button
[INFO ] [2024-06-27 15:18:59,382] Upload - Step 04: Verify upload
[INFO ] [2024-06-27 15:19:01,355] ---------------------- Passed -----------------------
[INFO ] [2024-06-27 15:19:01,355] Upload - Step 05: Verify image displayd
[INFO ] [2024-06-27 15:19:01,980] ---------------------- Passed -----------------------
[INFO ] [2024-06-27 15:19:01,984] Upload - Step 01: Refresh page
[INFO ] [2024-06-27 15:19:02,157] Upload - Step 02: Load single file
[INFO ] [2024-06-27 15:19:05,227] Upload - Step 03: Verify File One
[INFO ] [2024-06-27 15:19:05,279] ---------------------- Passed -----------------------
[INFO ] [2024-06-27 15:19:05,279] Upload - Step 04: Verify File Two
[INFO ] [2024-06-27 15:19:05,347] ---------------------- Passed -----------------------
[INFO ] [2024-06-27 15:19:05,347] Upload - Step 05: Verify File Three
[INFO ] [2024-06-27 15:19:05,421] ---------------------- Passed -----------------------
[INFO ] [2024-06-27 15:19:05,421] Upload - Step 06: Verify File Four
[INFO ] [2024-06-27 15:19:05,488] ---------------------- Passed -----------------------
[INFO ] [2024-06-27 15:19:05,488] Upload - Step 07: Verify File Five
[INFO ] [2024-06-27 15:19:05,541] ---------------------- Passed -----------------------
[INFO ] [2024-06-27 15:19:05,541] Upload - Step 08: Verify File Six
[INFO ] [2024-06-27 15:19:05,598] ---------------------- Passed -----------------------
[INFO ] [2024-06-27 15:19:05,599] Upload - Step 09: Click To star button
[INFO ] [2024-06-27 15:19:05,992] Upload - Step 10: Verify upload File One
[INFO ] [2024-06-27 15:19:07,687] ---------------------- Passed -----------------------
[INFO ] [2024-06-27 15:19:07,687] Upload - Step 11: Verify upload File Two
[INFO ] [2024-06-27 15:19:07,829] ---------------------- Passed -----------------------
[INFO ] [2024-06-27 15:19:07,829] Upload - Step 12: Verify upload File Three
[INFO ] [2024-06-27 15:19:07,903] ---------------------- Passed -----------------------
[INFO ] [2024-06-27 15:19:07,903] Upload - Step 13: Verify upload File Four
[INFO ] [2024-06-27 15:19:07,958] ---------------------- Passed -----------------------
[INFO ] [2024-06-27 15:19:07,958] Upload - Step 14: Verify upload File Five
[INFO ] [2024-06-27 15:19:08,013] ---------------------- Passed -----------------------
[INFO ] [2024-06-27 15:19:08,013] Upload - Step 15: Verify upload File Six
[INFO ] [2024-06-27 15:19:09,121] ---------------------- Passed -----------------------
[INFO ] [2024-06-27 15:19:09,121] Upload - Step 16: Verify image display File One
[INFO ] [2024-06-27 15:19:09,166] ---------------------- Passed -----------------------
[INFO ] [2024-06-27 15:19:09,167] Upload - Step 17: Verify image display File Two
[INFO ] [2024-06-27 15:19:09,209] ---------------------- Passed -----------------------
[INFO ] [2024-06-27 15:19:09,209] Upload - Step 18: Verify image display File Three
[INFO ] [2024-06-27 15:19:09,255] ---------------------- Passed -----------------------
[INFO ] [2024-06-27 15:19:09,255] Upload - Step 19: Verify image display File Four
[INFO ] [2024-06-27 15:19:09,300] ---------------------- Passed -----------------------
[INFO ] [2024-06-27 15:19:09,300] Upload - Step 20: Verify image display File Five
[INFO ] [2024-06-27 15:19:09,338] ---------------------- Passed -----------------------
[INFO ] [2024-06-27 15:19:09,339] Upload - Step 21: Verify image display File Six
[INFO ] [2024-06-27 15:19:09,380] ---------------------- Passed -----------------------
